0 info it worked if it ends with ok
1 verbose cli [ '/Users/axross/.nodebrew/current/bin/node',
1 verbose cli   '/Users/axross/.nodebrew/current/bin/npm',
1 verbose cli   'run',
1 verbose cli   'build' ]
2 info using npm@2.5.1
3 info using node@v0.12.0
4 verbose node symlink /Users/axross/.nodebrew/current/bin/node
5 verbose run-script [ 'prebuild', 'build', 'postbuild' ]
6 info prebuild tddworkshop@1.0.0
7 info build tddworkshop@1.0.0
8 verbose unsafe-perm in lifecycle true
9 info tddworkshop@1.0.0 Failed to exec build script
10 verbose stack Error: tddworkshop@1.0.0 build: `npm install && $(npm bin)/gulp compass; $(npm bin)/gulp mocha-result && $(npm bin)/gulp browserify`
10 verbose stack Exit status 1
10 verbose stack     at EventEmitter.<anonymous> (/Users/axross/.nodebrew/node/v0.12.0/lib/node_modules/npm/lib/utils/lifecycle.js:213:16)
10 verbose stack     at EventEmitter.emit (events.js:110:17)
10 verbose stack     at ChildProcess.<anonymous> (/Users/axross/.nodebrew/node/v0.12.0/lib/node_modules/npm/lib/utils/spawn.js:14:12)
10 verbose stack     at ChildProcess.emit (events.js:110:17)
10 verbose stack     at maybeClose (child_process.js:1008:16)
10 verbose stack     at Process.ChildProcess._handle.onexit (child_process.js:1080:5)
11 verbose pkgid tddworkshop@1.0.0
12 verbose cwd /Users/axross/Dropbox/workspace/tddworkshop
13 error Darwin 14.1.0
14 error argv "/Users/axross/.nodebrew/current/bin/node" "/Users/axross/.nodebrew/current/bin/npm" "run" "build"
15 error node v0.12.0
16 error npm  v2.5.1
17 error code ELIFECYCLE
18 error tddworkshop@1.0.0 build: `npm install && $(npm bin)/gulp compass; $(npm bin)/gulp mocha-result && $(npm bin)/gulp browserify`
18 error Exit status 1
19 error Failed at the tddworkshop@1.0.0 build script 'npm install && $(npm bin)/gulp compass; $(npm bin)/gulp mocha-result && $(npm bin)/gulp browserify'.
19 error This is most likely a problem with the tddworkshop package,
19 error not with npm itself.
19 error Tell the author that this fails on your system:
19 error     npm install && $(npm bin)/gulp compass; $(npm bin)/gulp mocha-result && $(npm bin)/gulp browserify
19 error You can get their info via:
19 error     npm owner ls tddworkshop
19 error There is likely additional logging output above.
20 verbose exit [ 1, true ]
